app/build/intermediates/manifest_merge_blame_file/debug/manifest-merger-blame-debug-report.txt
1<?xml version="1.0" encoding="utf-8"?>
2<manifest xmlns:android="http://schemas.android.com/apk/res/android"
3    package="com.controlanything.NCDTCPRelay"
4    android:versionCode="14"
5    android:versionName="8.5.1" >
6
7    <uses-sdk
7-->src/main/AndroidManifest.xml:7:5-43
8        android:minSdkVersion="8"
8-->src/main/AndroidManifest.xml:7:15-40
9        android:targetSdkVersion="8" />
9-->src/main/AndroidManifest.xml:7:5-43
10
11    <uses-permission android:name="android.permission.INTERNET" >
11-->src/main/AndroidManifest.xml:9:5-10:23
11-->src/main/AndroidManifest.xml:9:22-64
12    </uses-permission>
13    <uses-permission android:name="android.permission.ACCESS_NETWORK_STATE" >
13-->src/main/AndroidManifest.xml:11:5-12:23
13-->src/main/AndroidManifest.xml:11:22-76
14    </uses-permission>
15    <uses-permission android:name="android.permission.ACCESS_WIFI_STATE" >
15-->src/main/AndroidManifest.xml:13:5-14:23
15-->src/main/AndroidManifest.xml:13:22-73
16    </uses-permission>
17    <uses-permission android:name="android.permission.VIBRATE" >
17-->src/main/AndroidManifest.xml:15:5-16:23
17-->src/main/AndroidManifest.xml:15:22-63
18    </uses-permission>
19    <uses-permission android:name="android.permission.BLUETOOTH" >
19-->src/main/AndroidManifest.xml:17:5-18:23
19-->src/main/AndroidManifest.xml:17:22-65
20    </uses-permission>
21    <uses-permission android:name="android.permission.BLUETOOTH_ADMIN" >
21-->src/main/AndroidManifest.xml:19:5-20:23
21-->src/main/AndroidManifest.xml:19:22-71
22    </uses-permission>
23    <uses-permission android:name="android.permission.WRITE_EXTERNAL_STORAGE" />
23-->src/main/AndroidManifest.xml:21:5-81
23-->src/main/AndroidManifest.xml:21:22-78
24    <uses-permission android:name="android:keepScreenOn=true" />
24-->src/main/AndroidManifest.xml:22:5-65
24-->src/main/AndroidManifest.xml:22:22-62
25    <uses-permission android:name="android.permission.WAKE_LOCK" />
25-->src/main/AndroidManifest.xml:23:5-68
25-->src/main/AndroidManifest.xml:23:22-65
26    <uses-permission android:name="android.permission.RECORD_AUDIO" />
26-->src/main/AndroidManifest.xml:24:5-71
26-->src/main/AndroidManifest.xml:24:22-68
27
28    <application
28-->src/main/AndroidManifest.xml:28:5-148:19
29        android:name="com.controlanything.NCDTCPRelay.ControlPanel"
29-->src/main/AndroidManifest.xml:29:9-68
30        android:debuggable="true"
31        android:icon="@mipmap/launch_icon"
31-->src/main/AndroidManifest.xml:30:9-43
32        android:label="@string/app_name"
32-->src/main/AndroidManifest.xml:32:9-41
33        android:supportsRtl="true"
33-->src/main/AndroidManifest.xml:31:9-35
34        android:testOnly="true" >
35        <activity
35-->src/main/AndroidManifest.xml:34:9-42:20
36            android:name="com.controlanything.NCDTCPRelay.DeviceListActivity"
36-->src/main/AndroidManifest.xml:35:13-78
37            android:theme="@android:style/Theme.NoTitleBar" >
37-->src/main/AndroidManifest.xml:36:13-60
38            <intent-filter>
38-->src/main/AndroidManifest.xml:37:13-41:29
39                <action android:name="android.intent.action.MAIN" />
39-->src/main/AndroidManifest.xml:38:17-69
39-->src/main/AndroidManifest.xml:38:25-66
40
41                <category android:name="android.intent.category.LAUNCHER" />
41-->src/main/AndroidManifest.xml:40:17-77
41-->src/main/AndroidManifest.xml:40:27-74
42            </intent-filter>
43        </activity>
44
45        <receiver android:name="com.controlanything.NCDTCPRelay.CommandReceiver" >
45-->src/main/AndroidManifest.xml:43:9-47:20
45-->src/main/AndroidManifest.xml:43:19-50
46            <intent-filter>
46-->src/main/AndroidManifest.xml:44:13-46:29
47                <action android:name="com.controlanything.NCDTCPRelay.CommandReceiver" />
47-->src/main/AndroidManifest.xml:45:17-90
47-->src/main/AndroidManifest.xml:45:25-87
48            </intent-filter>
49        </receiver>
50
51        <activity
51-->src/main/AndroidManifest.xml:48:9-51:20
52            android:name="com.controlanything.NCDTCPRelay.SettingsPageActivity"
52-->src/main/AndroidManifest.xml:49:13-80
53            android:theme="@android:style/Theme.NoTitleBar" >
53-->src/main/AndroidManifest.xml:50:13-60
54        </activity>
55        <activity
55-->src/main/AndroidManifest.xml:52:9-55:20
56            android:name="com.controlanything.NCDTCPRelay.DiscoveryActivity"
56-->src/main/AndroidManifest.xml:53:13-77
57            android:theme="@android:style/Theme.NoTitleBar" >
57-->src/main/AndroidManifest.xml:54:13-60
58        </activity>
59        <activity
59-->src/main/AndroidManifest.xml:57:9-60:20
60            android:name="com.controlanything.NCDTCPRelay.SliderActivity"
60-->src/main/AndroidManifest.xml:58:13-74
61            android:theme="@android:style/Theme.NoTitleBar" >
61-->src/main/AndroidManifest.xml:59:13-60
62        </activity>
63        <activity
63-->src/main/AndroidManifest.xml:62:9-65:20
64            android:name="com.controlanything.NCDTCPRelay.BluetoothDiscovery"
64-->src/main/AndroidManifest.xml:63:13-78
65            android:theme="@android:style/Theme.NoTitleBar" >
65-->src/main/AndroidManifest.xml:64:13-60
66        </activity>
67        <activity
67-->src/main/AndroidManifest.xml:66:9-70:20
68            android:name="com.controlanything.NCDTCPRelay.RelayControlActivity"
68-->src/main/AndroidManifest.xml:67:13-80
69            android:screenOrientation="portrait"
69-->src/main/AndroidManifest.xml:68:13-49
70            android:theme="@android:style/Theme.NoTitleBar" >
70-->src/main/AndroidManifest.xml:69:13-60
71        </activity>
72        <activity
72-->src/main/AndroidManifest.xml:71:9-75:20
73            android:name="com.controlanything.NCDTCPRelay.ADInputActivity"
73-->src/main/AndroidManifest.xml:72:13-75
74            android:screenOrientation="portrait"
74-->src/main/AndroidManifest.xml:73:13-49
75            android:theme="@android:style/Theme.NoTitleBar" >
75-->src/main/AndroidManifest.xml:74:13-60
76        </activity>
77        <activity
77-->src/main/AndroidManifest.xml:76:9-80:20
78            android:name="com.controlanything.NCDTCPRelay.PWMControlActivity"
78-->src/main/AndroidManifest.xml:77:13-78
79            android:screenOrientation="portrait"
79-->src/main/AndroidManifest.xml:78:13-49
80            android:theme="@android:style/Theme.NoTitleBar" >
80-->src/main/AndroidManifest.xml:79:13-60
81        </activity>
82        <activity
82-->src/main/AndroidManifest.xml:81:9-85:20
83            android:name="com.controlanything.NCDTCPRelay.LinearActuatorActivity"
83-->src/main/AndroidManifest.xml:82:13-82
84            android:screenOrientation="portrait"
84-->src/main/AndroidManifest.xml:83:13-49
85            android:theme="@android:style/Theme.NoTitleBar" >
85-->src/main/AndroidManifest.xml:84:13-60
86        </activity>
87        <activity
87-->src/main/AndroidManifest.xml:86:9-91:20
88            android:name="com.controlanything.NCDTCPRelay.ADSetupActivity"
88-->src/main/AndroidManifest.xml:87:13-75
89            android:screenOrientation="portrait"
89-->src/main/AndroidManifest.xml:88:13-49
90            android:theme="@android:style/Theme.NoTitleBar"
90-->src/main/AndroidManifest.xml:89:13-60
91            android:windowSoftInputMode="adjustResize" >
91-->src/main/AndroidManifest.xml:90:13-55
92        </activity>
93        <activity
93-->src/main/AndroidManifest.xml:92:9-97:20
94            android:name="com.controlanything.NCDTCPRelay.WiNetDeviceList"
94-->src/main/AndroidManifest.xml:93:13-75
95            android:screenOrientation="portrait"
95-->src/main/AndroidManifest.xml:94:13-49
96            android:theme="@android:style/Theme.NoTitleBar"
96-->src/main/AndroidManifest.xml:95:13-60
97            android:windowSoftInputMode="adjustResize" >
97-->src/main/AndroidManifest.xml:96:13-55
98        </activity>
99        <activity
99-->src/main/AndroidManifest.xml:98:9-102:20
100            android:name="com.controlanything.NCDTCPRelay.Hands"
100-->src/main/AndroidManifest.xml:99:13-65
101            android:screenOrientation="portrait"
101-->src/main/AndroidManifest.xml:100:13-49
102            android:theme="@android:style/Theme.NoTitleBar" >
102-->src/main/AndroidManifest.xml:101:13-60
103        </activity>
104
105        <service
105-->src/main/AndroidManifest.xml:104:9-107:19
106            android:name="com.controlanything.NCDTCPRelay.DeviceComService"
106-->src/main/AndroidManifest.xml:105:13-76
107            android:enabled="true" >
107-->src/main/AndroidManifest.xml:106:13-35
108        </service>
109        <service
109-->src/main/AndroidManifest.xml:108:9-112:19
110            android:name="com.controlanything.NCDTCPRelay.DiscoveryUtility"
110-->src/main/AndroidManifest.xml:109:13-76
111            android:enabled="true"
111-->src/main/AndroidManifest.xml:110:13-35
112            android:label="@string/service_name" >
112-->src/main/AndroidManifest.xml:111:13-49
113        </service>
114        <service
114-->src/main/AndroidManifest.xml:113:9-116:19
115            android:name="com.controlanything.NCDTCPRelay.WebiDiscoveryService"
115-->src/main/AndroidManifest.xml:114:13-80
116            android:enabled="true" >
116-->src/main/AndroidManifest.xml:115:13-35
117        </service>
118        <service
118-->src/main/AndroidManifest.xml:117:9-121:19
119            android:name="com.controlanything.NCDTCPRelay.FindDevice"
119-->src/main/AndroidManifest.xml:118:13-70
120            android:enabled="true"
120-->src/main/AndroidManifest.xml:119:13-35
121            android:label="@string/find_device" >
121-->src/main/AndroidManifest.xml:120:13-48
122        </service>
123        <service
123-->src/main/AndroidManifest.xml:104:9-107:19
124            android:name="com.controlanything.NCDTCPRelay.DeviceComService"
124-->src/main/AndroidManifest.xml:105:13-76
125            android:enabled="true" >
125-->src/main/AndroidManifest.xml:106:13-35
126        </service>
127        <service
127-->src/main/AndroidManifest.xml:127:9-131:19
128            android:name="com.controlanything.NCDTCPRelay.ADInputs"
128-->src/main/AndroidManifest.xml:128:13-68
129            android:enabled="true"
129-->src/main/AndroidManifest.xml:129:13-35
130            android:label="@string/ad_inputs" >
130-->src/main/AndroidManifest.xml:130:13-46
131        </service>
132
133        <activity
133-->src/main/AndroidManifest.xml:133:9-137:20
134            android:name="com.controlanything.NCDTCPRelay.MacroSetupActivity"
134-->src/main/AndroidManifest.xml:134:13-78
135            android:screenOrientation="portrait"
135-->src/main/AndroidManifest.xml:135:13-49
136            android:theme="@android:style/Theme.NoTitleBar" >
136-->src/main/AndroidManifest.xml:136:13-60
137        </activity>
138        <activity
138-->src/main/AndroidManifest.xml:138:9-142:20
139            android:name="com.controlanything.NCDTCPRelay.MacroConfigurationActivity"
139-->src/main/AndroidManifest.xml:139:13-86
140            android:screenOrientation="portrait"
140-->src/main/AndroidManifest.xml:140:13-49
141            android:theme="@android:style/Theme.NoTitleBar" >
141-->src/main/AndroidManifest.xml:141:13-60
142        </activity>
143        <activity
143-->src/main/AndroidManifest.xml:143:9-147:20
144            android:name="com.controlanything.NCDTCPRelay.MacroActivity"
144-->src/main/AndroidManifest.xml:144:13-73
145            android:screenOrientation="portrait"
145-->src/main/AndroidManifest.xml:145:13-49
146            android:theme="@android:style/Theme.NoTitleBar" >
146-->src/main/AndroidManifest.xml:146:13-60
147        </activity>
148    </application>
149
150</manifest>